<?xml version="1.0" encoding="UTF-8"?>
<!-- Generated by org.testng.reporters.JUnitXMLReporter -->
<testsuite hostname="sdet.home" ignored="0" name="Default test" tests="4" failures="0" timestamp="14 Apr 2018 22:58:50 GMT" time="2.2" errors="0">
  <testcase name="createBookAndCheckExistence" time="1.13" classname="org.siemens.restservice.BookTest"/>
  <testcase name="createBookAndVerifyExistence" time="0.096" classname="org.siemens.restservice.BookTest"/>
  <testcase name="getAllBooksWithJsonPath" time="0.437" classname="org.siemens.restservice.BookTest"/>
  <testcase name="useSpec" time="0.118" classname="org.siemens.restservice.BookTest"/>
</testsuite> <!-- Default test -->
