<?xml version="1.0" encoding="UTF-8"?>
<!-- Generated by org.testng.reporters.JUnitXMLReporter -->
<testsuite hostname="sdet.home" ignored="0" name="Test" tests="4" failures="0" timestamp="14 Apr 2018 23:28:55 GMT" time="2.095" errors="0">
  <testcase name="createBookAndCheckExistence" time="1.093" classname="org.siemens.restservice.BookTest"/>
  <testcase name="createBookAndVerifyExistence" time="0.085" classname="org.siemens.restservice.BookTest"/>
  <testcase name="getAllBooksWithJsonPath" time="0.386" classname="org.siemens.restservice.BookTest"/>
  <testcase name="useSpec" time="0.119" classname="org.siemens.restservice.BookTest"/>
</testsuite> <!-- Test -->
