<?xml version="1.0" encoding="UTF-8"?>
<testsuite xmlns:xsi="http://www.w3.org/2001/XMLSchema-instance" xsi:noNamespaceSchemaLocation="https://maven.apache.org/surefire/maven-surefire-plugin/xsd/surefire-test-report.xsd" name="TestSuite" time="2.327" tests="4" errors="0" skipped="0" failures="0">
  <properties>
[...]
</properties>
  <testcase name="createBookAndCheckExistence" classname="org.siemens.restservice.BookTest" time="1.059"/>
  <testcase name="createBookAndVerifyExistence" classname="org.siemens.restservice.BookTest" time="0.084"/>
  <testcase name="getAllBooksWithJsonPath" classname="org.siemens.restservice.BookTest" time="0.452"/>
  <testcase name="useSpec" classname="org.siemens.restservice.BookTest" time="0.158"/>
</testsuite>