<?xml version="1.0" encoding="UTF-8"?>
<testng-results skipped="0" failed="0" ignored="0" total="4" passed="4">
  <reporter-output>
  </reporter-output>
  <suite name="Suite" duration-ms="2092" started-at="2018-04-14T23:32:34Z" finished-at="2018-04-14T23:32:36Z">
    <groups>
    </groups>
    <test name="Test" duration-ms="2092" started-at="2018-04-14T23:32:34Z" finished-at="2018-04-14T23:32:36Z">
      <class name="org.siemens.restservice.BookTest">
        <test-method status="PASS" signature="initSpec()[pri:0, instance:org.siemens.restservice.BookTest@68837a77]" name="initSpec" is-config="true" duration-ms="371" started-at="2018-04-14T23:32:34Z" finished-at="2018-04-14T23:32:34Z">
          <reporter-output>
          </reporter-output>
        </test-method> <!-- initSpec -->
        <test-method status="PASS" signature="createBookAndCheckExistence()[pri:0, instance:org.siemens.restservice.BookTest@68837a77]" name="createBookAndCheckExistence" duration-ms="1058" started-at="2018-04-14T23:32:34Z" finished-at="2018-04-14T23:32:35Z">
          <reporter-output>
          </reporter-output>
        </test-method> <!-- createBookAndCheckExistence -->
        <test-method status="PASS" signature="createBookAndVerifyExistence()[pri:0, instance:org.siemens.restservice.BookTest@68837a77]" name="createBookAndVerifyExistence" duration-ms="84" started-at="2018-04-14T23:32:35Z" finished-at="2018-04-14T23:32:35Z">
          <reporter-output>
          </reporter-output>
        </test-method> <!-- createBookAndVerifyExistence -->
        <test-method status="PASS" signature="getAllBooksWithJsonPath()[pri:0, instance:org.siemens.restservice.BookTest@68837a77]" name="getAllBooksWithJsonPath" duration-ms="451" started-at="2018-04-14T23:32:35Z" finished-at="2018-04-14T23:32:36Z">
          <reporter-output>
          </reporter-output>
        </test-method> <!-- getAllBooksWithJsonPath -->
        <test-method status="PASS" signature="useSpec()[pri:0, instance:org.siemens.restservice.BookTest@68837a77]" name="useSpec" duration-ms="112" started-at="2018-04-14T23:32:36Z" finished-at="2018-04-14T23:32:36Z">
          <reporter-output>
          </reporter-output>
        </test-method> <!-- useSpec -->
      </class> <!-- org.siemens.restservice.BookTest -->
    </test> <!-- Test -->
  </suite> <!-- Suite -->
</testng-results>
