<?xml version="1.0" encoding="UTF-8"?>
<testng-results skipped="0" failed="0" ignored="0" total="1" passed="1">
  <reporter-output>
  </reporter-output>
  <suite name="Default suite" duration-ms="2010" started-at="2018-10-03T02:04:49Z" finished-at="2018-10-03T02:04:51Z">
    <groups>
    </groups>
    <test name="Default test" duration-ms="2010" started-at="2018-10-03T02:04:49Z" finished-at="2018-10-03T02:04:51Z">
      <class name="org.siemens.restservice.BookTest">
        <test-method status="PASS" signature="initSpec()[pri:0, instance:org.siemens.restservice.BookTest@5622fdf]" name="initSpec" is-config="true" duration-ms="425" started-at="2018-10-03T02:04:49Z" finished-at="2018-10-03T02:04:49Z">
          <reporter-output>
          </reporter-output>
        </test-method> <!-- initSpec -->
        <test-method status="PASS" signature="useSpec()[pri:0, instance:org.siemens.restservice.BookTest@5622fdf]" name="useSpec" duration-ms="1569" started-at="2018-10-03T02:04:49Z" finished-at="2018-10-03T02:04:51Z">
          <reporter-output>
          </reporter-output>
        </test-method> <!-- useSpec -->
      </class> <!-- org.siemens.restservice.BookTest -->
    </test> <!-- Default test -->
  </suite> <!-- Default suite -->
</testng-results>
